0 info it worked if it ends with ok
1 verbose cli [ '/usr/bin/nodejs', '/usr/bin/npm', 'start' ]
2 info using npm@3.8.6
3 info using node@v5.11.1
4 verbose run-script [ 'prestart', 'start', 'poststart' ]
5 info lifecycle angular-seed@0.0.0~prestart: angular-seed@0.0.0
6 silly lifecycle angular-seed@0.0.0~prestart: no script for prestart, continuing
7 info lifecycle angular-seed@0.0.0~start: angular-seed@0.0.0
8 verbose lifecycle angular-seed@0.0.0~start: unsafe-perm in lifecycle true
9 verbose lifecycle angular-seed@0.0.0~start: PATH: /usr/lib/node_modules/npm/bin/node-gyp-bin:/home/yassine/https/client/node_modules/.bin:/usr/bin:/usr/local/share/npm/lib/node_modules/grunt-cli/bin:/home/yassine/.rvm/gems/ruby-2.3.0/bin:/home/yassine/.rvm/gems/ruby-2.3.0@global/bin:/home/yassine/.rvm/rubies/ruby-2.3.0/bin:/usr/local/sbin:/usr/local/bin:/usr/sbin:/usr/bin:/sbin:/bin:/usr/games:/usr/local/games:/usr/lib/jvm/java-8-oracle/bin:/usr/lib/jvm/java-8-oracle/db/bin:/usr/lib/jvm/java-8-oracle/jre/bin:/home/yassine/.rvm/bin:/usr/lib/jvm/java-8-oracle/bin:/usr/lib/jvm/java-8-oracle/db/bin:/usr/lib/jvm/java-8-oracle/jre/bin:/home/yassine/.rvm/bin:/home/yassine/.rvm/bin
10 verbose lifecycle angular-seed@0.0.0~start: CWD: /home/yassine/https/client
11 silly lifecycle angular-seed@0.0.0~start: Args: [ '-c', 'http-server -a 0.0.0.0 -p 8000 -c-1' ]
12 silly lifecycle angular-seed@0.0.0~start: Returned: code: 1  signal: null
13 info lifecycle angular-seed@0.0.0~start: Failed to exec start script
14 verbose stack Error: angular-seed@0.0.0 start: `http-server -a 0.0.0.0 -p 8000 -c-1`
14 verbose stack Exit status 1
14 verbose stack     at EventEmitter.<anonymous> (/usr/lib/node_modules/npm/lib/utils/lifecycle.js:239:16)
14 verbose stack     at emitTwo (events.js:100:13)
14 verbose stack     at EventEmitter.emit (events.js:185:7)
14 verbose stack     at ChildProcess.<anonymous> (/usr/lib/node_modules/npm/lib/utils/spawn.js:24:14)
14 verbose stack     at emitTwo (events.js:100:13)
14 verbose stack     at ChildProcess.emit (events.js:185:7)
14 verbose stack     at maybeClose (internal/child_process.js:850:16)
14 verbose stack     at Process.ChildProcess._handle.onexit (internal/child_process.js:215:5)
15 verbose pkgid angular-seed@0.0.0
16 verbose cwd /home/yassine/https/client
17 error Linux 3.19.0-60-generic
18 error argv "/usr/bin/nodejs" "/usr/bin/npm" "start"
19 error node v5.11.1
20 error npm  v3.8.6
21 error code ELIFECYCLE
22 error angular-seed@0.0.0 start: `http-server -a 0.0.0.0 -p 8000 -c-1`
22 error Exit status 1
23 error Failed at the angular-seed@0.0.0 start script 'http-server -a 0.0.0.0 -p 8000 -c-1'.
23 error Make sure you have the latest version of node.js and npm installed.
23 error If you do, this is most likely a problem with the angular-seed package,
23 error not with npm itself.
23 error Tell the author that this fails on your system:
23 error     http-server -a 0.0.0.0 -p 8000 -c-1
23 error You can get information on how to open an issue for this project with:
23 error     npm bugs angular-seed
23 error Or if that isn't available, you can get their info via:
23 error     npm owner ls angular-seed
23 error There is likely additional logging output above.
24 verbose exit [ 1, true ]
